<?xml version="1.0" encoding="UTF-8"?>
<!-- Generated by org.testng.reporters.JUnitReportReporter -->
<testsuite hostname="DESKTOP" failures="0" tests="5" name="testrunners.AdminLoginTest" time="53.800" errors="0" timestamp="2026-01-22T16:01:49 IST" skipped="0">
  <testcase classname="testrunners.AdminLoginTest" name="runScenario" time="16.208"/>
  <testcase classname="testrunners.AdminLoginTest" name="runScenario" time="9.793"/>
  <testcase classname="testrunners.AdminLoginTest" name="runScenario" time="9.256"/>
  <testcase classname="testrunners.AdminLoginTest" name="runScenario" time="9.274"/>
  <testcase classname="testrunners.AdminLoginTest" name="runScenario" time="9.269"/>
</testsuite> <!-- testrunners.AdminLoginTest -->
