<?xml version="1.0" encoding="UTF-8"?>
<!-- Generated by org.testng.reporters.JUnitReportReporter -->
<testsuite hostname="DESKTOP" failures="0" tests="5" name="testrunners.AdminLoginTest" time="51.987" errors="0" timestamp="2026-01-17T22:29:55 IST" skipped="0">
  <testcase classname="testrunners.AdminLoginTest" name="runScenario" time="8.389"/>
  <testcase classname="testrunners.AdminLoginTest" name="runScenario" time="8.487"/>
  <testcase classname="testrunners.AdminLoginTest" name="runScenario" time="7.871"/>
  <testcase classname="testrunners.AdminLoginTest" name="runScenario" time="17.756"/>
  <testcase classname="testrunners.AdminLoginTest" name="runScenario" time="9.484"/>
</testsuite> <!-- testrunners.AdminLoginTest -->
