<?xml version="1.0" encoding="UTF-8"?>
<!-- Generated by org.testng.reporters.JUnitReportReporter -->
<testsuite hostname="DESKTOP" failures="0" tests="1" name="testrunners.LoginTest" time="0.266" errors="1" timestamp="2025-12-18T19:41:47 IST" skipped="0">
  <testcase classname="testrunners.LoginTest" name="runScenario" time="0.266">
    <error message="The step &#039;i enter username as &quot;Admin&quot;&#039; is undefined.
You can implement this step using the snippet(s) below:

@When(&quot;i enter username as {string}&quot;)
public void i_enter_username_as(String string) {
    // Write code here that turns the phrase above into concrete actions
    throw new io.cucumber.java.PendingException();
}
" type="io.cucumber.testng.UndefinedStepException">
      <![CDATA[io.cucumber.testng.UndefinedStepException: The step 'i enter username as "Admin"' is undefined.
You can implement this step using the snippet(s) below:

@When("i enter username as {string}")
public void i_enter_username_as(String string) {
    // Write code here that turns the phrase above into concrete actions
    throw new io.cucumber.java.PendingException();
}

at âœ½.i enter username as "Admin"(file:///D:/Selinum_Work/OrangeHRM_Cucumber/FeatureFiles/Login.feature:8)
]]>
    </error>
  </testcase> <!-- runScenario -->
</testsuite> <!-- testrunners.LoginTest -->
